<?xml version="1.0" encoding="UTF-8"?>
<testsuite xmlns:xsi="http://www.w3.org/2001/XMLSchema-instance" xsi:noNamespaceSchemaLocation="https://maven.apache.org/surefire/maven-surefire-plugin/xsd/surefire-test-report-3.0.xsd" version="3.0" name="app.service.VendaServiceTest" time="0.276" tests="4" errors="0" skipped="0" failures="0">
  <properties>
[...]
</properties>
  <testcase name="testeValidacaoVenda" classname="app.service.VendaServiceTest" time="0.002">
    <system-out><![CDATA[2024-04-02T20:20:26.368-03:00  INFO 3224 --- [           main] t.c.s.AnnotationConfigContextLoaderUtils : Could not detect default configuration classes for test class [app.service.VendaServiceTest]: VendaServiceTest does not declare any static, non-private, non-final, nested classes annotated with @Configuration.
2024-04-02T20:20:26.371-03:00  INFO 3224 --- [           main] .b.t.c.SpringBootTestContextBootstrapper : Found @SpringBootConfiguration app.App for test class app.service.VendaServiceTest

  .   ____          _            __ _ _
 /\\ / ___'_ __ _ _(_)_ __  __ _ \ \ \ \
( ( )\___ | '_ | '_| | '_ \/ _` | \ \ \ \
 \\/  ___)| |_)| | | | | || (_| |  ) ) ) )
  '  |____| .__|_| |_|_| |_\__, | / / / /
 =========|_|==============|___/=/_/_/_/
 :: Spring Boot ::                (v3.2.3)

2024-04-02T20:20:26.384-03:00  INFO 3224 --- [           main] app.service.VendaServiceTest             : Starting VendaServiceTest using Java 17.0.10 with PID 3224 (started by LABORATORIO_03 in C:\Users\LABORATORIO_03\git\VendaV2)
2024-04-02T20:20:26.384-03:00  INFO 3224 --- [           main] app.service.VendaServiceTest             : No active profile set, falling back to 1 default profile: "default"
2024-04-02T20:20:26.434-03:00  INFO 3224 --- [           main] .s.d.r.c.RepositoryConfigurationDelegate : Bootstrapping Spring Data JPA repositories in DEFAULT mode.
2024-04-02T20:20:26.444-03:00  INFO 3224 --- [           main] .s.d.r.c.RepositoryConfigurationDelegate : Finished Spring Data repository scanning in 10 ms. Found 4 JPA repository interfaces.
2024-04-02T20:20:26.471-03:00  INFO 3224 --- [           main] o.hibernate.jpa.internal.util.LogHelper  : HHH000204: Processing PersistenceUnitInfo [name: default]
2024-04-02T20:20:26.473-03:00  INFO 3224 --- [           main] o.h.c.internal.RegionFactoryInitiator    : HHH000026: Second-level cache disabled
2024-04-02T20:20:26.475-03:00  INFO 3224 --- [           main] o.s.o.j.p.SpringPersistenceUnitInfo      : No LoadTimeWeaver setup: ignoring JPA class transformer
2024-04-02T20:20:26.476-03:00  INFO 3224 --- [           main] com.zaxxer.hikari.HikariDataSource       : HikariPool-4 - Starting...
2024-04-02T20:20:26.483-03:00  INFO 3224 --- [           main] com.zaxxer.hikari.pool.HikariPool        : HikariPool-4 - Added connection com.mysql.cj.jdbc.ConnectionImpl@1b65a276
2024-04-02T20:20:26.483-03:00  INFO 3224 --- [           main] com.zaxxer.hikari.HikariDataSource       : HikariPool-4 - Start completed.
2024-04-02T20:20:26.528-03:00  INFO 3224 --- [           main] o.h.e.t.j.p.i.JtaPlatformInitiator       : HHH000489: No JTA platform available (set 'hibernate.transaction.jta.platform' to enable JTA platform integration)
2024-04-02T20:20:26.545-03:00  INFO 3224 --- [           main] j.LocalContainerEntityManagerFactoryBean : Initialized JPA EntityManagerFactory for persistence unit 'default'
2024-04-02T20:20:26.591-03:00  WARN 3224 --- [           main] JpaBaseConfiguration$JpaWebConfiguration : spring.jpa.open-in-view is enabled by default. Therefore, database queries may be performed during view rendering. Explicitly configure spring.jpa.open-in-view to disable this warning
2024-04-02T20:20:26.635-03:00  INFO 3224 --- [           main] app.service.VendaServiceTest             : Started VendaServiceTest in 0.262 seconds (process running for 6.22)
]]></system-out>
  </testcase>
  <testcase name="testeExceptionValidacaoVenda" classname="app.service.VendaServiceTest" time="0.002"/>
  <testcase name="testeCalculoVlTotalVenda" classname="app.service.VendaServiceTest" time="0.001"/>
  <testcase name="testeExceptionVlTotalVenda" classname="app.service.VendaServiceTest" time="0.001"/>
</testsuite>